2026-04-15 00:21:49 | DEBUG    | validators | Inputs validated: symbol=BTCUSDT, side=BUY, type=MARKET, qty=0.01, price=None, stop_price=None
2026-04-15 00:21:49 | INFO     | client | Connection to Binance Futures Testnet successful.
2026-04-15 00:21:49 | DEBUG    | orders | Placing order: {'symbol': 'BTCUSDT', 'side': 'BUY', 'type': 'MARKET', 'quantity': 0.01, 'timestamp': 1776192709959, 'signature': '27530d9ab870c18710d07b0aad3b2fb3a77914cd2810b59da655d566d9806a25'}
2026-04-15 00:21:50 | DEBUG    | orders | Order response: {'orderId': 13035337780, 'symbol': 'BTCUSDT', 'status': 'NEW', 'clientOrderId': 'NR4dsXQDUQrkRabFpm3dak', 'price': '0.00', 'avgPrice': '0.00', 'origQty': '0.0100', 'executedQty': '0.0000', 'cumQty': '0.0000', 'cumQuote': '0.000000', 'timeInForce': 'GTC', 'type': 'MARKET', 'reduceOnly': False, 'closePosition': False, 'side': 'BUY', 'positionSide': 'BOTH', 'stopPrice': '0.00', 'workingType': 'CONTRACT_PRICE', 'priceProtect': False, 'origType': 'MARKET', 'priceMatch': 'NONE', 'selfTradePreventionMode': 'EXPIRE_MAKER', 'goodTillDate': 0, 'updateTime': 1776192710752} (status: 200)
2026-04-15 00:21:50 | INFO     | cli | Order placed successfully: orderId=13035337780, status=NEW
2026-04-15 00:47:54 | DEBUG    | validators | Inputs validated: symbol=BTCUSDT, side=SELL, type=LIMIT, qty=0.01, price=90000.0, stop_price=None
2026-04-15 00:47:55 | INFO     | client | Connection to Binance Futures Testnet successful.
2026-04-15 00:47:55 | DEBUG    | orders | Placing order: {'symbol': 'BTCUSDT', 'side': 'SELL', 'type': 'LIMIT', 'quantity': 0.01, 'timestamp': 1776194275531, 'price': 90000.0, 'timeInForce': 'GTC', 'signature': '8dc26c56392e09888b23486c234321ca4c199670b2046c48564e888f5fd17dfc'}
2026-04-15 00:47:56 | DEBUG    | orders | Order response: {'orderId': 13035384065, 'symbol': 'BTCUSDT', 'status': 'NEW', 'clientOrderId': 'xLQQFkrOkiFMA085b1Qpqz', 'price': '90000.00', 'avgPrice': '0.00', 'origQty': '0.0100', 'executedQty': '0.0000', 'cumQty': '0.0000', 'cumQuote': '0.000000', 'timeInForce': 'GTC', 'type': 'LIMIT', 'reduceOnly': False, 'closePosition': False, 'side': 'SELL', 'positionSide': 'BOTH', 'stopPrice': '0.00', 'workingType': 'CONTRACT_PRICE', 'priceProtect': False, 'origType': 'LIMIT', 'priceMatch': 'NONE', 'selfTradePreventionMode': 'EXPIRE_MAKER', 'goodTillDate': 0, 'updateTime': 1776194276268} (status: 200)
2026-04-15 00:47:56 | INFO     | cli | Order placed successfully: orderId=13035384065, status=NEW
2026-04-15 01:11:35 | DEBUG    | validators | Inputs validated: symbol=BTCUSDT, side=BUY, type=STOP, qty=0.01, price=85000.0, stop_price=84000.0
2026-04-15 01:11:36 | INFO     | client | Connection to Binance Futures Testnet successful.
2026-04-15 01:11:36 | DEBUG    | orders | Placing order: {'symbol': 'BTCUSDT', 'side': 'BUY', 'type': 'STOP', 'quantity': 0.01, 'timestamp': 1776195696082, 'price': 85000.0, 'stopPrice': 84000.0, 'timeInForce': 'GTC', 'signature': '76d75cd30b0b815f0a970e0ddf956a819206bfdb55558ea55c942995c0102a50'}
2026-04-15 01:11:36 | DEBUG    | orders | Order response: {'code': -4120, 'msg': 'Order type not supported for this endpoint. Please use the Algo Order API endpoints instead.'} (status: 400)
2026-04-15 01:11:36 | ERROR    | orders | API error -4120: Order type not supported for this endpoint. Please use the Algo Order API endpoints instead.
2026-04-15 01:11:36 | ERROR    | cli | Order failed: API error -4120: Order type not supported for this endpoint. Please use the Algo Order API endpoints instead.
2026-04-15 01:15:22 | DEBUG    | validators | Inputs validated: symbol=BTCUSDT, side=BUY, type=STOP, qty=0.01, price=85000.0, stop_price=84000.0
2026-04-15 01:15:23 | INFO     | client | Connection to Binance Futures Testnet successful.
2026-04-15 01:15:23 | DEBUG    | orders | Placing order: {'symbol': 'BTCUSDT', 'side': 'BUY', 'type': 'STOP', 'quantity': 0.01, 'timestamp': 1776195923412, 'price': 85000.0, 'stopPrice': 84000.0, 'timeInForce': 'GTC', 'signature': '46b6a34bea07658e03726d1d744785c8449c09173bd2487ad17effe9398399c8'}
2026-04-15 01:15:23 | DEBUG    | orders | Order response: {'code': -5000, 'msg': 'Path /fapi/v1/order/algo/stop, Method POST is invalid'} (status: 404)
2026-04-15 01:15:23 | ERROR    | orders | API error -5000: Path /fapi/v1/order/algo/stop, Method POST is invalid
2026-04-15 01:15:23 | ERROR    | cli | Order failed: API error -5000: Path /fapi/v1/order/algo/stop, Method POST is invalid
2026-04-15 01:15:50 | DEBUG    | validators | Inputs validated: symbol=BTCUSDT, side=BUY, type=STOP, qty=0.01, price=85000.0, stop_price=84000.0
2026-04-15 01:15:51 | INFO     | client | Connection to Binance Futures Testnet successful.
2026-04-15 01:15:51 | DEBUG    | orders | Placing order: {'symbol': 'BTCUSDT', 'side': 'BUY', 'type': 'STOP', 'quantity': 0.01, 'timestamp': 1776195951550, 'price': 85000.0, 'stopPrice': 84000.0, 'timeInForce': 'GTC', 'signature': '4ce4d3be19ec65cece30f2704cdddce49a392de8d974b535b0453237074dee68'}
2026-04-15 01:15:52 | DEBUG    | orders | Order response: {'code': -4120, 'msg': 'Order type not supported for this endpoint. Please use the Algo Order API endpoints instead.'} (status: 400)
2026-04-15 01:15:52 | ERROR    | orders | API error -4120: Order type not supported for this endpoint. Please use the Algo Order API endpoints instead.
2026-04-15 01:15:52 | ERROR    | cli | Order failed: API error -4120: Order type not supported for this endpoint. Please use the Algo Order API endpoints instead.
2026-04-15 01:48:16 | DEBUG    | validators | Inputs validated: symbol=BTCUSDT, side=BUY, type=MARKET, qty=0.01, price=None, stop_price=None
2026-04-15 01:48:17 | INFO     | client | Connection to Binance Futures Testnet successful.
2026-04-15 01:48:17 | DEBUG    | orders | Placing order: {'symbol': 'BTCUSDT', 'side': 'BUY', 'type': 'MARKET', 'quantity': 0.01, 'timestamp': 1776197897359, 'signature': '047883a30bd59a4e8a356be2f45e80b39a893f0a5f7e299be1d850b62c167b04'}
2026-04-15 01:48:17 | DEBUG    | orders | Order response: {'orderId': 13035487090, 'symbol': 'BTCUSDT', 'status': 'NEW', 'clientOrderId': 'BmiT8EtPoCk1B5fZxy8ONr', 'price': '0.00', 'avgPrice': '0.00', 'origQty': '0.0100', 'executedQty': '0.0000', 'cumQty': '0.0000', 'cumQuote': '0.000000', 'timeInForce': 'GTC', 'type': 'MARKET', 'reduceOnly': False, 'closePosition': False, 'side': 'BUY', 'positionSide': 'BOTH', 'stopPrice': '0.00', 'workingType': 'CONTRACT_PRICE', 'priceProtect': False, 'origType': 'MARKET', 'priceMatch': 'NONE', 'selfTradePreventionMode': 'EXPIRE_MAKER', 'goodTillDate': 0, 'updateTime': 1776197898103} (status: 200)
2026-04-15 01:48:17 | INFO     | cli | Order placed successfully: orderId=13035487090, status=NEW
2026-04-15 01:50:37 | DEBUG    | validators | Inputs validated: symbol=BTCUSDT, side=BUY, type=MARKET, qty=0.01, price=None, stop_price=None
2026-04-15 01:50:37 | INFO     | client | Connection to Binance Futures Testnet successful.
2026-04-15 01:50:37 | DEBUG    | orders | Placing order: {'symbol': 'BTCUSDT', 'side': 'BUY', 'type': 'MARKET', 'quantity': 0.01, 'timestamp': 1776198037581, 'signature': '606b879ea65e5c52df0ad4701719abc3a8a2260b5a7b88674ff7c07367bc7d27'}
2026-04-15 01:50:38 | DEBUG    | orders | Order response: {'orderId': 13035490905, 'symbol': 'BTCUSDT', 'status': 'NEW', 'clientOrderId': 'x4fqmYXcAiKNVppQXI0jou', 'price': '0.00', 'avgPrice': '0.00', 'origQty': '0.0100', 'executedQty': '0.0000', 'cumQty': '0.0000', 'cumQuote': '0.000000', 'timeInForce': 'GTC', 'type': 'MARKET', 'reduceOnly': False, 'closePosition': False, 'side': 'BUY', 'positionSide': 'BOTH', 'stopPrice': '0.00', 'workingType': 'CONTRACT_PRICE', 'priceProtect': False, 'origType': 'MARKET', 'priceMatch': 'NONE', 'selfTradePreventionMode': 'EXPIRE_MAKER', 'goodTillDate': 0, 'updateTime': 1776198038342} (status: 200)
2026-04-15 01:50:38 | INFO     | cli | Order placed successfully: orderId=13035490905, status=NEW
2026-04-15 01:50:46 | DEBUG    | validators | Inputs validated: symbol=BTCUSDT, side=SELL, type=MARKET, qty=0.01, price=None, stop_price=None
2026-04-15 01:50:47 | INFO     | client | Connection to Binance Futures Testnet successful.
2026-04-15 01:50:47 | DEBUG    | orders | Placing order: {'symbol': 'BTCUSDT', 'side': 'SELL', 'type': 'MARKET', 'quantity': 0.01, 'timestamp': 1776198047074, 'signature': '0319d52ab4638fd556c8b76afdc1218b89b10d262b3d8bd559165875414cc7cf'}
2026-04-15 01:50:47 | DEBUG    | orders | Order response: {'orderId': 13035491025, 'symbol': 'BTCUSDT', 'status': 'NEW', 'clientOrderId': 'HlUMzYK2k9JYIVeRpMSKus', 'price': '0.00', 'avgPrice': '0.00', 'origQty': '0.0100', 'executedQty': '0.0000', 'cumQty': '0.0000', 'cumQuote': '0.000000', 'timeInForce': 'GTC', 'type': 'MARKET', 'reduceOnly': False, 'closePosition': False, 'side': 'SELL', 'positionSide': 'BOTH', 'stopPrice': '0.00', 'workingType': 'CONTRACT_PRICE', 'priceProtect': False, 'origType': 'MARKET', 'priceMatch': 'NONE', 'selfTradePreventionMode': 'EXPIRE_MAKER', 'goodTillDate': 0, 'updateTime': 1776198047819} (status: 200)
2026-04-15 01:50:47 | INFO     | cli | Order placed successfully: orderId=13035491025, status=NEW
2026-04-15 01:51:24 | DEBUG    | validators | Inputs validated: symbol=BTCUSDT, side=BUY, type=LIMIT, qty=0.01, price=70000.0, stop_price=None
2026-04-15 01:51:25 | INFO     | client | Connection to Binance Futures Testnet successful.
2026-04-15 01:51:25 | DEBUG    | orders | Placing order: {'symbol': 'BTCUSDT', 'side': 'BUY', 'type': 'LIMIT', 'quantity': 0.01, 'timestamp': 1776198085260, 'price': 70000.0, 'timeInForce': 'GTC', 'signature': '74f261836311fbf22cf2f8627478dfd4e3711de3fcb7f273db91b37c45b0204c'}
2026-04-15 01:51:25 | DEBUG    | orders | Order response: {'orderId': 13035492215, 'symbol': 'BTCUSDT', 'status': 'NEW', 'clientOrderId': 'R3RMvA4UyIITrgazLSQEy8', 'price': '70000.00', 'avgPrice': '0.00', 'origQty': '0.0100', 'executedQty': '0.0000', 'cumQty': '0.0000', 'cumQuote': '0.000000', 'timeInForce': 'GTC', 'type': 'LIMIT', 'reduceOnly': False, 'closePosition': False, 'side': 'BUY', 'positionSide': 'BOTH', 'stopPrice': '0.00', 'workingType': 'CONTRACT_PRICE', 'priceProtect': False, 'origType': 'LIMIT', 'priceMatch': 'NONE', 'selfTradePreventionMode': 'EXPIRE_MAKER', 'goodTillDate': 0, 'updateTime': 1776198086006} (status: 200)
2026-04-15 01:51:25 | INFO     | cli | Order placed successfully: orderId=13035492215, status=NEW
2026-04-15 01:51:33 | DEBUG    | validators | Inputs validated: symbol=BTCUSDT, side=SELL, type=LIMIT, qty=0.01, price=99000.0, stop_price=None
2026-04-15 01:51:34 | INFO     | client | Connection to Binance Futures Testnet successful.
2026-04-15 01:51:34 | DEBUG    | orders | Placing order: {'symbol': 'BTCUSDT', 'side': 'SELL', 'type': 'LIMIT', 'quantity': 0.01, 'timestamp': 1776198094460, 'price': 99000.0, 'timeInForce': 'GTC', 'signature': 'ed210320fded3f491fa0a1c775cffd5da3ac04cc4ced6a54ad6ea109de8b9e6a'}
2026-04-15 01:51:34 | DEBUG    | orders | Order response: {'orderId': 13035492479, 'symbol': 'BTCUSDT', 'status': 'NEW', 'clientOrderId': 'CLfOBXnfaKR7s5Tsm0AZCN', 'price': '99000.00', 'avgPrice': '0.00', 'origQty': '0.0100', 'executedQty': '0.0000', 'cumQty': '0.0000', 'cumQuote': '0.000000', 'timeInForce': 'GTC', 'type': 'LIMIT', 'reduceOnly': False, 'closePosition': False, 'side': 'SELL', 'positionSide': 'BOTH', 'stopPrice': '0.00', 'workingType': 'CONTRACT_PRICE', 'priceProtect': False, 'origType': 'LIMIT', 'priceMatch': 'NONE', 'selfTradePreventionMode': 'EXPIRE_MAKER', 'goodTillDate': 0, 'updateTime': 1776198095197} (status: 200)
2026-04-15 01:51:34 | INFO     | cli | Order placed successfully: orderId=13035492479, status=NEW
2026-04-15 01:55:10 | DEBUG    | validators | Inputs validated: symbol=BTCUSDT, side=BUY, type=MARKET, qty=0.01, price=None, stop_price=None
2026-04-15 01:55:11 | INFO     | client | Connection to Binance Futures Testnet successful.
2026-04-15 01:55:11 | DEBUG    | orders | Placing order: {'symbol': 'BTCUSDT', 'side': 'BUY', 'type': 'MARKET', 'quantity': 0.01, 'timestamp': 1776198311025, 'signature': 'ef2a9968d5c7eab1cedd1450074a26cdd3537560d19e16360933e083db4f8df3'}
2026-04-15 01:55:11 | DEBUG    | orders | Order response: {'orderId': 13035498419, 'symbol': 'BTCUSDT', 'status': 'NEW', 'clientOrderId': '17HmDIoJ8nwHeqVwzRUrIA', 'price': '0.00', 'avgPrice': '0.00', 'origQty': '0.0100', 'executedQty': '0.0000', 'cumQty': '0.0000', 'cumQuote': '0.000000', 'timeInForce': 'GTC', 'type': 'MARKET', 'reduceOnly': False, 'closePosition': False, 'side': 'BUY', 'positionSide': 'BOTH', 'stopPrice': '0.00', 'workingType': 'CONTRACT_PRICE', 'priceProtect': False, 'origType': 'MARKET', 'priceMatch': 'NONE', 'selfTradePreventionMode': 'EXPIRE_MAKER', 'goodTillDate': 0, 'updateTime': 1776198311774} (status: 200)
2026-04-15 01:55:11 | INFO     | cli | Order placed successfully: orderId=13035498419, status=NEW
2026-04-15 01:55:27 | DEBUG    | validators | Inputs validated: symbol=BTCUSDT, side=SELL, type=MARKET, qty=0.01, price=None, stop_price=None
2026-04-15 01:55:28 | INFO     | client | Connection to Binance Futures Testnet successful.
2026-04-15 01:55:28 | DEBUG    | orders | Placing order: {'symbol': 'BTCUSDT', 'side': 'SELL', 'type': 'MARKET', 'quantity': 0.01, 'timestamp': 1776198328408, 'signature': '3b10154ce1ec4ebdb8f546f127d3aca9ca02e2dd295de8e6a75e0a98222698b4'}
2026-04-15 01:55:28 | DEBUG    | orders | Order response: {'orderId': 13035499002, 'symbol': 'BTCUSDT', 'status': 'NEW', 'clientOrderId': '76vPVzRd3p7sMMyVvRFSkc', 'price': '0.00', 'avgPrice': '0.00', 'origQty': '0.0100', 'executedQty': '0.0000', 'cumQty': '0.0000', 'cumQuote': '0.000000', 'timeInForce': 'GTC', 'type': 'MARKET', 'reduceOnly': False, 'closePosition': False, 'side': 'SELL', 'positionSide': 'BOTH', 'stopPrice': '0.00', 'workingType': 'CONTRACT_PRICE', 'priceProtect': False, 'origType': 'MARKET', 'priceMatch': 'NONE', 'selfTradePreventionMode': 'EXPIRE_MAKER', 'goodTillDate': 0, 'updateTime': 1776198329143} (status: 200)
2026-04-15 01:55:28 | INFO     | cli | Order placed successfully: orderId=13035499002, status=NEW
